[
  {
    "Plan": {
      "Node Type": "Seq Scan",
      "Relation Name": "users",
      "Schema": "public",
      "Alias": "users",
      "Actual Rows": 120,
      "Plan Rows": 1500000,
      "Actual Total Time": 3.21,
      "Plans": [
        {
          "Node Type": "Index Scan",
          "Relation Name": "orders",
          "Schema": "public",
          "Alias": "orders",
          "Actual Rows": 56,
          "Plan Rows": 1000,
          "Actual Total Time": 1.02
        }
      ]
    }
  }
]
